<?xml version="1.0" encoding="UTF-8"?>
<trace:TraceModel
    xmi:version="2.0"
    xmlns:xmi="http://www.omg.org/XMI"
    xmlns:trace="http://www.eclipse.org/gmf/2006/Trace">
  <nodeTraces
      visualID="2001"
      queryText="(let _eClass_:ecore::EClass = modelFacet.metaClass.ecoreClass in _eClass_.ePackage.nsURI = 'http://org.sjtu.radlab.breeze/v2' and _eClass_.name = 'Arch') and (let _containmentMF_:ecore::EStructuralFeature = modelFacet.containmentMetaFeature.ecoreFeature in (let _eClass_:ecore::EClass = _containmentMF_.eContainingClass in _eClass_.ePackage.nsURI = 'http://org.sjtu.radlab.breeze/v2' and _eClass_.name = 'Breeze') and _containmentMF_.name = 'arch')">
    <nodeLabelTraces
        visualID="5003"
        queryText="true"/>
    <compartmentTraces
        visualID="7001"
        queryText="true"/>
  </nodeTraces>
  <nodeTraces
      visualID="2002"
      queryText="(let _eClass_:ecore::EClass = modelFacet.metaClass.ecoreClass in _eClass_.ePackage.nsURI = 'http://org.sjtu.radlab.breeze/v2' and _eClass_.name = 'Style') and (let _containmentMF_:ecore::EStructuralFeature = modelFacet.containmentMetaFeature.ecoreFeature in (let _eClass_:ecore::EClass = _containmentMF_.eContainingClass in _eClass_.ePackage.nsURI = 'http://org.sjtu.radlab.breeze/v2' and _eClass_.name = 'Breeze') and _containmentMF_.name = 'style')">
    <nodeLabelTraces
        visualID="5009"
        queryText="true"/>
    <compartmentTraces
        visualID="7002"
        queryText="true"/>
  </nodeTraces>
  <nodeTraces
      visualID="2003"
      queryText="(let _eClass_:ecore::EClass = modelFacet.metaClass.ecoreClass in _eClass_.ePackage.nsURI = 'http://org.sjtu.radlab.breeze/v2' and _eClass_.name = 'goku') and (let _containmentMF_:ecore::EStructuralFeature = modelFacet.containmentMetaFeature.ecoreFeature in (let _eClass_:ecore::EClass = _containmentMF_.eContainingClass in _eClass_.ePackage.nsURI = 'http://org.sjtu.radlab.breeze/v2' and _eClass_.name = 'Breeze') and _containmentMF_.name = 'gkeee')">
    <nodeLabelTraces
        visualID="5010"
        queryText="true"/>
  </nodeTraces>
  <childNodeTraces
      visualID="3001"
      queryText="(let _eClass_:ecore::EClass = modelFacet.metaClass.ecoreClass in _eClass_.ePackage.nsURI = 'http://org.sjtu.radlab.breeze/v2' and _eClass_.name = 'Component') and (let _containmentMF_:ecore::EStructuralFeature = modelFacet.containmentMetaFeature.ecoreFeature in (let _eClass_:ecore::EClass = _containmentMF_.eContainingClass in _eClass_.ePackage.nsURI = 'http://org.sjtu.radlab.breeze/v2' and _eClass_.name = 'Arch') and _containmentMF_.name = 'node')">
    <nodeLabelTraces
        visualID="5001"
        queryText="true"/>
  </childNodeTraces>
  <childNodeTraces
      visualID="3002"
      queryText="(let _eClass_:ecore::EClass = modelFacet.metaClass.ecoreClass in _eClass_.ePackage.nsURI = 'http://org.sjtu.radlab.breeze/v2' and _eClass_.name = 'Port') and (let _containmentMF_:ecore::EStructuralFeature = modelFacet.containmentMetaFeature.ecoreFeature in (let _eClass_:ecore::EClass = _containmentMF_.eContainingClass in _eClass_.ePackage.nsURI = 'http://org.sjtu.radlab.breeze/v2' and _eClass_.name = 'Node') and _containmentMF_.name = 'port')"/>
  <childNodeTraces
      visualID="3003"
      queryText="(let _eClass_:ecore::EClass = modelFacet.metaClass.ecoreClass in _eClass_.ePackage.nsURI = 'http://org.sjtu.radlab.breeze/v2' and _eClass_.name = 'Connector') and (let _containmentMF_:ecore::EStructuralFeature = modelFacet.containmentMetaFeature.ecoreFeature in (let _eClass_:ecore::EClass = _containmentMF_.eContainingClass in _eClass_.ePackage.nsURI = 'http://org.sjtu.radlab.breeze/v2' and _eClass_.name = 'Arch') and _containmentMF_.name = 'node')">
    <nodeLabelTraces
        visualID="5002"
        queryText="true"/>
  </childNodeTraces>
  <childNodeTraces
      visualID="3004"
      queryText="(let _eClass_:ecore::EClass = modelFacet.metaClass.ecoreClass in _eClass_.ePackage.nsURI = 'http://org.sjtu.radlab.breeze/v2' and _eClass_.name = 'Template') and (let _containmentMF_:ecore::EStructuralFeature = modelFacet.containmentMetaFeature.ecoreFeature in (let _eClass_:ecore::EClass = _containmentMF_.eContainingClass in _eClass_.ePackage.nsURI = 'http://org.sjtu.radlab.breeze/v2' and _eClass_.name = 'Style') and _containmentMF_.name = 'arch')">
    <nodeLabelTraces
        visualID="5005"
        queryText="true"/>
    <compartmentTraces
        visualID="7003"
        queryText="true"/>
  </childNodeTraces>
  <childNodeTraces
      visualID="3005"
      queryText="(let _eClass_:ecore::EClass = modelFacet.metaClass.ecoreClass in _eClass_.ePackage.nsURI = 'http://org.sjtu.radlab.breeze/v2' and _eClass_.name = 'NodeTemplate') and (let _containmentMF_:ecore::EStructuralFeature = modelFacet.containmentMetaFeature.ecoreFeature in (let _eClass_:ecore::EClass = _containmentMF_.eContainingClass in _eClass_.ePackage.nsURI = 'http://org.sjtu.radlab.breeze/v2' and _eClass_.name = 'Template') and _containmentMF_.name = 'node')">
    <nodeLabelTraces
        visualID="5004"
        queryText="true"/>
  </childNodeTraces>
  <childNodeTraces
      visualID="3006"
      queryText="(let _eClass_:ecore::EClass = modelFacet.metaClass.ecoreClass in _eClass_.ePackage.nsURI = 'http://org.sjtu.radlab.breeze/v2' and _eClass_.name = 'Production') and (let _containmentMF_:ecore::EStructuralFeature = modelFacet.containmentMetaFeature.ecoreFeature in (let _eClass_:ecore::EClass = _containmentMF_.eContainingClass in _eClass_.ePackage.nsURI = 'http://org.sjtu.radlab.breeze/v2' and _eClass_.name = 'Style') and _containmentMF_.name = 'production')">
    <nodeLabelTraces
        visualID="5008"
        queryText="true"/>
    <compartmentTraces
        visualID="7004"
        queryText="true"/>
    <compartmentTraces
        visualID="7005"
        queryText="true"/>
  </childNodeTraces>
  <childNodeTraces
      visualID="3007"
      queryText="(let _eClass_:ecore::EClass = modelFacet.metaClass.ecoreClass in _eClass_.ePackage.nsURI = 'http://org.sjtu.radlab.breeze/v2' and _eClass_.name = 'Arch') and (let _containmentMF_:ecore::EStructuralFeature = modelFacet.containmentMetaFeature.ecoreFeature in (let _eClass_:ecore::EClass = _containmentMF_.eContainingClass in _eClass_.ePackage.nsURI = 'http://org.sjtu.radlab.breeze/v2' and _eClass_.name = 'Production') and _containmentMF_.name = 'left')">
    <nodeLabelTraces
        visualID="5006"
        queryText="true"/>
    <compartmentTraces
        visualID="7006"
        queryText="true"/>
  </childNodeTraces>
  <childNodeTraces
      visualID="3008"
      queryText="(let _eClass_:ecore::EClass = modelFacet.metaClass.ecoreClass in _eClass_.ePackage.nsURI = 'http://org.sjtu.radlab.breeze/v2' and _eClass_.name = 'Arch') and (let _containmentMF_:ecore::EStructuralFeature = modelFacet.containmentMetaFeature.ecoreFeature in (let _eClass_:ecore::EClass = _containmentMF_.eContainingClass in _eClass_.ePackage.nsURI = 'http://org.sjtu.radlab.breeze/v2' and _eClass_.name = 'Production') and _containmentMF_.name = 'right')">
    <nodeLabelTraces
        visualID="5007"
        queryText="true"/>
    <compartmentTraces
        visualID="7007"
        queryText="true"/>
  </childNodeTraces>
  <linkTraces
      visualID="4001"
      queryText="modelFacet.oclIsKindOf(gmfgen::TypeLinkModelFacet) and (let _eClass_:ecore::EClass = modelFacet.oclAsType(gmfgen::TypeLinkModelFacet).metaClass.ecoreClass in _eClass_.ePackage.nsURI = 'http://org.sjtu.radlab.breeze/v2' and _eClass_.name = 'Link')"/>
</trace:TraceModel>
